<?xml version="1.0" encoding="UTF-8"?>
<!-- Generated by org.testng.reporters.JUnitXMLReporter -->
<testsuite ignored="0" hostname="Chintus" failures="0" tests="3" name="Test-Runner 1" time="0.228" errors="0" timestamp="2022-11-09T13:38:46 IST">
  <testcase classname="vTigerGenericLibrary.BaseClass" name="@BeforeTest bcConfig" time="-1.667981325944E9">
    <failure type="org.testng.TestNGException" message="
Parameter &amp;apos;browser&amp;apos; is required by BeforeTest on method bcConfig but has not been marked @Optional or defined
in C:\Users\Family\eclipse-workspace\Vtiger.WASM6.Framework\testng_DistributedExecution.xml">
      <![CDATA[org.testng.TestNGException: 
Parameter 'browser' is required by BeforeTest on method bcConfig but has not been marked @Optional or defined
in C:\Users\Family\eclipse-workspace\Vtiger.WASM6.Framework\testng_DistributedExecution.xml
at java.base/java.util.concurrent.FutureTask.run(FutureTask.java:264)
at java.base/java.util.concurrent.ThreadPoolExecutor.runWorker(ThreadPoolExecutor.java:1136)
at java.base/java.util.concurrent.ThreadPoolExecutor$Worker.run(ThreadPoolExecutor.java:635)
at java.base/java.lang.Thread.run(Thread.java:833)
... Removed 12 stack frames]]>
    </failure>
  </testcase> <!-- @BeforeTest bcConfig -->
  <testcase classname="vTigerGenericLibrary.BaseClass" name="@BeforeMethod bmConfig" time="-1.66798132606E9">
    <skipped/>
  </testcase> <!-- @BeforeMethod bmConfig -->
  <testcase classname="vTigerGenericLibrary.BaseClass" name="@AfterMethod amConfig" time="-1.667981326088E9">
    <skipped/>
  </testcase> <!-- @AfterMethod amConfig -->
  <testcase classname="vTigerGenericLibrary.BaseClass" name="@BeforeMethod bmConfig" time="-1.667981326101E9">
    <skipped/>
  </testcase> <!-- @BeforeMethod bmConfig -->
  <testcase classname="vTigerGenericLibrary.BaseClass" name="@AfterMethod amConfig" time="-1.667981326126E9">
    <skipped/>
  </testcase> <!-- @AfterMethod amConfig -->
  <testcase classname="vTigerGenericLibrary.BaseClass" name="@BeforeMethod bmConfig" time="-1.667981326133E9">
    <skipped/>
  </testcase> <!-- @BeforeMethod bmConfig -->
  <testcase classname="vTigerGenericLibrary.BaseClass" name="@AfterMethod amConfig" time="-1.667981326157E9">
    <skipped/>
  </testcase> <!-- @AfterMethod amConfig -->
  <testcase classname="vTigerOrganizations.CreateOrgTest" name="createOrg" time="0.0">
    <skipped/>
  </testcase> <!-- createOrg -->
  <testcase classname="vTigerOrganizations.CreateOrgTest" name="createwithLead1" time="0.0">
    <skipped/>
  </testcase> <!-- createwithLead1 -->
  <testcase classname="vTigerOrganizations.CreateOrgTest" name="createwithLead52" time="0.0">
    <skipped/>
  </testcase> <!-- createwithLead52 -->
</testsuite> <!-- Test-Runner 1 -->
